<?xml version="1.0" encoding="UTF-8"?>
<testsuite xmlns:xsi="http://www.w3.org/2001/XMLSchema-instance" xsi:noNamespaceSchemaLocation="https://maven.apache.org/surefire/maven-surefire-plugin/xsd/surefire-test-report-3.0.xsd" version="3.0" name="LinkedListTest" time="0.379" tests="76" errors="0" skipped="0" failures="0">
  <properties>
[...]
</properties>
  <testcase name="testAddLastToEmptyList" classname="LinkedListTest" time="0.101"/>
  <testcase name="testIndexOfWithNullElements" classname="LinkedListTest" time="0.004"/>
  <testcase name="testPeekFirstAndLast" classname="LinkedListTest" time="0.003"/>
  <testcase name="testElement" classname="LinkedListTest" time="0.0"/>
  <testcase name="testAddAllWithNegativeIndex" classname="LinkedListTest" time="0.007"/>
  <testcase name="testToArrayWithArgument" classname="LinkedListTest" time="0.008"/>
  <testcase name="testRemoveAtIndex" classname="LinkedListTest" time="0.002"/>
  <testcase name="testAddAllAtIndex" classname="LinkedListTest" time="0.003"/>
  <testcase name="testOfferLast" classname="LinkedListTest" time="0.004"/>
  <testcase name="testToArray" classname="LinkedListTest" time="0.002"/>
  <testcase name="testAddLast" classname="LinkedListTest" time="0.0"/>
  <testcase name="testSetOnSingleElementList" classname="LinkedListTest" time="0.004"/>
  <testcase name="testLastIndexOfForNonExistentNullElement" classname="LinkedListTest" time="0.0"/>
  <testcase name="testRemoveWithNoArguments" classname="LinkedListTest" time="0.003"/>
  <testcase name="testAddAllAtInvalidIndex" classname="LinkedListTest" time="0.001"/>
  <testcase name="testPop" classname="LinkedListTest" time="0.001"/>
  <testcase name="testSet" classname="LinkedListTest" time="0.002"/>
  <testcase name="testEntryMethodWithLargeList" classname="LinkedListTest" time="0.009"/>
  <testcase name="testToArrayWithLargerArgument" classname="LinkedListTest" time="0.002"/>
  <testcase name="testGetLastEmpty" classname="LinkedListTest" time="0.0"/>
  <testcase name="testAddAllWithIndexAtBeginning" classname="LinkedListTest" time="0.002"/>
  <testcase name="testClear" classname="LinkedListTest" time="0.002"/>
  <testcase name="testOffer" classname="LinkedListTest" time="0.0"/>
  <testcase name="testAddFirstAndGetFirst" classname="LinkedListTest" time="0.004"/>
  <testcase name="testPeek" classname="LinkedListTest" time="0.001"/>
  <testcase name="testPoll" classname="LinkedListTest" time="0.0"/>
  <testcase name="testPush" classname="LinkedListTest" time="0.0"/>
  <testcase name="testLastIndexOf" classname="LinkedListTest" time="0.0"/>
  <testcase name="testRemoveWithNullElement" classname="LinkedListTest" time="0.0"/>
  <testcase name="testRemoveFirst" classname="LinkedListTest" time="0.0"/>
  <testcase name="testToArrayWithLargerTypedArray" classname="LinkedListTest" time="0.0"/>
  <testcase name="testAddAtInvalidIndex" classname="LinkedListTest" time="0.0"/>
  <testcase name="testAddAllWithLargeList" classname="LinkedListTest" time="0.0"/>
  <testcase name="testOfferFirst" classname="LinkedListTest" time="0.0"/>
  <testcase name="testAddFirst" classname="LinkedListTest" time="0.0"/>
  <testcase name="testRemoveWithNullElements" classname="LinkedListTest" time="0.0"/>
  <testcase name="testIndexOfWithNullElement" classname="LinkedListTest" time="0.006"/>
  <testcase name="testPollForEmptyList" classname="LinkedListTest" time="0.001"/>
  <testcase name="testAddAllWithIndex" classname="LinkedListTest" time="0.0"/>
  <testcase name="testRemoveLastEmpty" classname="LinkedListTest" time="0.0"/>
  <testcase name="testRemoveFirstEmpty" classname="LinkedListTest" time="0.0"/>
  <testcase name="testConstructorAndSize" classname="LinkedListTest" time="0.0"/>
  <testcase name="testAddAllWithEmptySourceList" classname="LinkedListTest" time="0.002"/>
  <testcase name="testSetWithInvalidIndex" classname="LinkedListTest" time="0.0"/>
  <testcase name="testAddAllAtEnd" classname="LinkedListTest" time="0.0"/>
  <testcase name="testAddAllEmpty" classname="LinkedListTest" time="0.001"/>
  <testcase name="testClearAndSize" classname="LinkedListTest" time="0.0"/>
  <testcase name="testContains" classname="LinkedListTest" time="0.0"/>
  <testcase name="testAddAndGet" classname="LinkedListTest" time="0.0"/>
  <testcase name="testRemoveLast" classname="LinkedListTest" time="0.003"/>
  <testcase name="testRemoveNull" classname="LinkedListTest" time="0.0"/>
  <testcase name="testAddAtIndex" classname="LinkedListTest" time="0.0"/>
  <testcase name="testRemoveForNotExistentNullElement" classname="LinkedListTest" time="0.0"/>
  <testcase name="testPollFirstAndLast" classname="LinkedListTest" time="0.006"/>
  <testcase name="testSetAtBeginningAndEnd" classname="LinkedListTest" time="0.0"/>
  <testcase name="testSetWithValidIndexes" classname="LinkedListTest" time="0.0"/>
  <testcase name="testPopEmptyList" classname="LinkedListTest" time="0.009"/>
  <testcase name="testRemoveFirstOccurrence" classname="LinkedListTest" time="0.0"/>
  <testcase name="testRemoveLastOccurrence" classname="LinkedListTest" time="0.0"/>
  <testcase name="testAddAll" classname="LinkedListTest" time="0.0"/>
  <testcase name="testPeekForEmptyList" classname="LinkedListTest" time="0.0"/>
  <testcase name="testAddAllWithIndexAtEnd" classname="LinkedListTest" time="0.0"/>
  <testcase name="testAddLastAndGetLast" classname="LinkedListTest" time="0.0"/>
  <testcase name="testLastIndexOfWithNullElement" classname="LinkedListTest" time="0.009"/>
  <testcase name="testGetFirstEmpty" classname="LinkedListTest" time="0.0"/>
  <testcase name="testConstructorWithCollection" classname="LinkedListTest" time="0.003"/>
  <testcase name="testAddAllWithEmptyList" classname="LinkedListTest" time="0.002"/>
  <testcase name="testToArrayWithSmallerArgument" classname="LinkedListTest" time="0.002"/>
  <testcase name="testIndexOf" classname="LinkedListTest" time="0.0"/>
  <testcase name="testRemoveLastOccurrenceForNullObject" classname="LinkedListTest" time="0.0"/>
  <testcase name="testEntryWithNegativeIndex" classname="LinkedListTest" time="0.0"/>
  <testcase name="testRemove" classname="LinkedListTest" time="0.0"/>
  <testcase name="testAddAllAtIndexWithEmptyList" classname="LinkedListTest" time="0.009"/>
  <testcase name="testRemoveFromMiddle" classname="LinkedListTest" time="0.0"/>
  <testcase name="testAddFirstToEmptyList" classname="LinkedListTest" time="0.0"/>
  <testcase name="testRemoveOnSingleElementList" classname="LinkedListTest" time="0.0"/>
</testsuite>