<?xml version="1.0" encoding="UTF-8" standalone="yes"?><!DOCTYPE report PUBLIC "-//JACOCO//DTD Report 1.1//EN" "report.dtd"><report name="demo"><sessioninfo id="LAPTOP-18NLQ42S-ab2dec87" start="1729451949416" dump="1729451951245"/><package name="com/list"><class name="com/list/LinkedList" sourcefilename="LinkedList.java"><method name="&lt;init&gt;" desc="()V" line="111"><counter type="INSTRUCTION" missed="0" covered="23"/><counter type="LINE" missed="0" covered="5"/><counter type="COMPLEXITY" missed="0" covered="1"/><counter type="METHOD" missed="0" covered="1"/></method><method name="&lt;init&gt;" desc="(Lcom/list/LinkedList;)V" line="131"><counter type="INSTRUCTION" missed="0" covered="7"/><counter type="LINE" missed="0" covered="3"/><counter type="COMPLEXITY" missed="0" covered="1"/><counter type="METHOD" missed="0" covered="1"/></method><method name="getFirst" desc="()Ljava/lang/Object;" line="143"><counter type="INSTRUCTION" missed="0" covered="12"/><counter type="BRANCH" missed="0" covered="2"/><counter type="LINE" missed="0" covered="3"/><counter type="COMPLEXITY" missed="0" covered="2"/><counter type="METHOD" missed="0" covered="1"/></method><method name="getLast" desc="()Ljava/lang/Object;" line="157"><counter type="INSTRUCTION" missed="0" covered="12"/><counter type="BRANCH" missed="0" covered="2"/><counter type="LINE" missed="0" covered="3"/><counter type="COMPLEXITY" missed="0" covered="2"/><counter type="METHOD" missed="0" covered="1"/></method><method name="removeFirst" desc="()Ljava/lang/Object;" line="171"><counter type="INSTRUCTION" missed="0" covered="6"/><counter type="LINE" missed="0" covered="1"/><counter type="COMPLEXITY" missed="0" covered="1"/><counter type="METHOD" missed="0" covered="1"/></method><method name="removeLast" desc="()Ljava/lang/Object;" line="182"><counter type="INSTRUCTION" missed="0" covered="6"/><counter type="LINE" missed="0" covered="1"/><counter type="COMPLEXITY" missed="0" covered="1"/><counter type="METHOD" missed="0" covered="1"/></method><method name="addFirst" desc="(Ljava/lang/Object;)V" line="192"><counter type="INSTRUCTION" missed="0" covered="8"/><counter type="LINE" missed="0" covered="2"/><counter type="COMPLEXITY" missed="0" covered="1"/><counter type="METHOD" missed="0" covered="1"/></method><method name="addLast" desc="(Ljava/lang/Object;)V" line="205"><counter type="INSTRUCTION" missed="0" covered="7"/><counter type="LINE" missed="0" covered="2"/><counter type="COMPLEXITY" missed="0" covered="1"/><counter type="METHOD" missed="0" covered="1"/></method><method name="contains" desc="(Ljava/lang/Object;)Z" line="219"><counter type="INSTRUCTION" missed="0" covered="9"/><counter type="BRANCH" missed="0" covered="2"/><counter type="LINE" missed="0" covered="1"/><counter type="COMPLEXITY" missed="0" covered="2"/><counter type="METHOD" missed="0" covered="1"/></method><method name="size" desc="()I" line="228"><counter type="INSTRUCTION" missed="0" covered="3"/><counter type="LINE" missed="0" covered="1"/><counter type="COMPLEXITY" missed="0" covered="1"/><counter type="METHOD" missed="0" covered="1"/></method><method name="add" desc="(Ljava/lang/Object;)Z" line="242"><counter type="INSTRUCTION" missed="0" covered="8"/><counter type="LINE" missed="0" covered="2"/><counter type="COMPLEXITY" missed="0" covered="1"/><counter type="METHOD" missed="0" covered="1"/></method><method name="remove" desc="(Ljava/lang/Object;)Z" line="261"><counter type="INSTRUCTION" missed="0" covered="49"/><counter type="BRANCH" missed="0" covered="10"/><counter type="LINE" missed="0" covered="10"/><counter type="COMPLEXITY" missed="0" covered="6"/><counter type="METHOD" missed="0" covered="1"/></method><method name="addAll" desc="(Lcom/list/LinkedList;)Z" line="294"><counter type="INSTRUCTION" missed="0" covered="6"/><counter type="LINE" missed="0" covered="1"/><counter type="COMPLEXITY" missed="0" covered="1"/><counter type="METHOD" missed="0" covered="1"/></method><method name="addAll" desc="(ILcom/list/LinkedList;)Z" line="316"><counter type="INSTRUCTION" missed="0" covered="70"/><counter type="BRANCH" missed="0" covered="10"/><counter type="LINE" missed="0" covered="15"/><counter type="COMPLEXITY" missed="0" covered="6"/><counter type="METHOD" missed="0" covered="1"/></method><method name="clear" desc="()V" line="341"><counter type="INSTRUCTION" missed="0" covered="36"/><counter type="BRANCH" missed="0" covered="2"/><counter type="LINE" missed="0" covered="10"/><counter type="COMPLEXITY" missed="0" covered="2"/><counter type="METHOD" missed="0" covered="1"/></method><method name="get" desc="(I)Ljava/lang/Object;" line="364"><counter type="INSTRUCTION" missed="0" covered="5"/><counter type="LINE" missed="0" covered="1"/><counter type="COMPLEXITY" missed="0" covered="1"/><counter type="METHOD" missed="0" covered="1"/></method><method name="set" desc="(ILjava/lang/Object;)Ljava/lang/Object;" line="380"><counter type="INSTRUCTION" missed="0" covered="12"/><counter type="LINE" missed="0" covered="4"/><counter type="COMPLEXITY" missed="0" covered="1"/><counter type="METHOD" missed="0" covered="1"/></method><method name="add" desc="(ILjava/lang/Object;)V" line="399"><counter type="INSTRUCTION" missed="0" covered="15"/><counter type="BRANCH" missed="0" covered="2"/><counter type="LINE" missed="0" covered="2"/><counter type="COMPLEXITY" missed="0" covered="2"/><counter type="METHOD" missed="0" covered="1"/></method><method name="remove" desc="(I)Ljava/lang/Object;" line="414"><counter type="INSTRUCTION" missed="0" covered="6"/><counter type="LINE" missed="0" covered="1"/><counter type="COMPLEXITY" missed="0" covered="1"/><counter type="METHOD" missed="0" covered="1"/></method><method name="entry" desc="(I)Lcom/list/LinkedList$Entry;" line="421"><counter type="INSTRUCTION" missed="0" covered="47"/><counter type="BRANCH" missed="0" covered="10"/><counter type="LINE" missed="0" covered="9"/><counter type="COMPLEXITY" missed="0" covered="6"/><counter type="METHOD" missed="0" covered="1"/></method><method name="indexOf" desc="(Ljava/lang/Object;)I" line="450"><counter type="INSTRUCTION" missed="0" covered="45"/><counter type="BRANCH" missed="0" covered="10"/><counter type="LINE" missed="0" covered="11"/><counter type="COMPLEXITY" missed="0" covered="6"/><counter type="METHOD" missed="0" covered="1"/></method><method name="lastIndexOf" desc="(Ljava/lang/Object;)I" line="480"><counter type="INSTRUCTION" missed="0" covered="46"/><counter type="BRANCH" missed="0" covered="10"/><counter type="LINE" missed="0" covered="11"/><counter type="COMPLEXITY" missed="0" covered="6"/><counter type="METHOD" missed="0" covered="1"/></method><method name="peek" desc="()Ljava/lang/Object;" line="506"><counter type="INSTRUCTION" missed="0" covered="8"/><counter type="BRANCH" missed="0" covered="2"/><counter type="LINE" missed="0" covered="3"/><counter type="COMPLEXITY" missed="0" covered="2"/><counter type="METHOD" missed="0" covered="1"/></method><method name="element" desc="()Ljava/lang/Object;" line="520"><counter type="INSTRUCTION" missed="0" covered="3"/><counter type="LINE" missed="0" covered="1"/><counter type="COMPLEXITY" missed="0" covered="1"/><counter type="METHOD" missed="0" covered="1"/></method><method name="poll" desc="()Ljava/lang/Object;" line="530"><counter type="INSTRUCTION" missed="0" covered="8"/><counter type="BRANCH" missed="0" covered="2"/><counter type="LINE" missed="0" covered="3"/><counter type="COMPLEXITY" missed="0" covered="2"/><counter type="METHOD" missed="0" covered="1"/></method><method name="remove" desc="()Ljava/lang/Object;" line="544"><counter type="INSTRUCTION" missed="0" covered="3"/><counter type="LINE" missed="0" covered="1"/><counter type="COMPLEXITY" missed="0" covered="1"/><counter type="METHOD" missed="0" covered="1"/></method><method name="offer" desc="(Ljava/lang/Object;)Z" line="556"><counter type="INSTRUCTION" missed="0" covered="4"/><counter type="LINE" missed="0" covered="1"/><counter type="COMPLEXITY" missed="0" covered="1"/><counter type="METHOD" missed="0" covered="1"/></method><method name="offerFirst" desc="(Ljava/lang/Object;)Z" line="569"><counter type="INSTRUCTION" missed="0" covered="5"/><counter type="LINE" missed="0" covered="2"/><counter type="COMPLEXITY" missed="0" covered="1"/><counter type="METHOD" missed="0" covered="1"/></method><method name="offerLast" desc="(Ljava/lang/Object;)Z" line="582"><counter type="INSTRUCTION" missed="0" covered="5"/><counter type="LINE" missed="0" covered="2"/><counter type="COMPLEXITY" missed="0" covered="1"/><counter type="METHOD" missed="0" covered="1"/></method><method name="peekFirst" desc="()Ljava/lang/Object;" line="595"><counter type="INSTRUCTION" missed="0" covered="8"/><counter type="BRANCH" missed="0" covered="2"/><counter type="LINE" missed="0" covered="3"/><counter type="COMPLEXITY" missed="0" covered="2"/><counter type="METHOD" missed="0" covered="1"/></method><method name="peekLast" desc="()Ljava/lang/Object;" line="609"><counter type="INSTRUCTION" missed="0" covered="8"/><counter type="BRANCH" missed="0" covered="2"/><counter type="LINE" missed="0" covered="3"/><counter type="COMPLEXITY" missed="0" covered="2"/><counter type="METHOD" missed="0" covered="1"/></method><method name="pollFirst" desc="()Ljava/lang/Object;" line="623"><counter type="INSTRUCTION" missed="0" covered="8"/><counter type="BRANCH" missed="0" covered="2"/><counter type="LINE" missed="0" covered="3"/><counter type="COMPLEXITY" missed="0" covered="2"/><counter type="METHOD" missed="0" covered="1"/></method><method name="pollLast" desc="()Ljava/lang/Object;" line="637"><counter type="INSTRUCTION" missed="0" covered="8"/><counter type="BRANCH" missed="0" covered="2"/><counter type="LINE" missed="0" covered="3"/><counter type="COMPLEXITY" missed="0" covered="2"/><counter type="METHOD" missed="0" covered="1"/></method><method name="push" desc="(Ljava/lang/Object;)V" line="654"><counter type="INSTRUCTION" missed="0" covered="4"/><counter type="LINE" missed="0" covered="2"/><counter type="COMPLEXITY" missed="0" covered="1"/><counter type="METHOD" missed="0" covered="1"/></method><method name="pop" desc="()Ljava/lang/Object;" line="671"><counter type="INSTRUCTION" missed="0" covered="3"/><counter type="LINE" missed="0" covered="1"/><counter type="COMPLEXITY" missed="0" covered="1"/><counter type="METHOD" missed="0" covered="1"/></method><method name="removeFirstOccurrence" desc="(Ljava/lang/Object;)Z" line="685"><counter type="INSTRUCTION" missed="0" covered="4"/><counter type="LINE" missed="0" covered="1"/><counter type="COMPLEXITY" missed="0" covered="1"/><counter type="METHOD" missed="0" covered="1"/></method><method name="removeLastOccurrence" desc="(Ljava/lang/Object;)Z" line="699"><counter type="INSTRUCTION" missed="0" covered="49"/><counter type="BRANCH" missed="0" covered="10"/><counter type="LINE" missed="0" covered="10"/><counter type="COMPLEXITY" missed="0" covered="6"/><counter type="METHOD" missed="0" covered="1"/></method><method name="addBefore" desc="(Ljava/lang/Object;Lcom/list/LinkedList$Entry;)Lcom/list/LinkedList$Entry;" line="730"><counter type="INSTRUCTION" missed="0" covered="24"/><counter type="LINE" missed="0" covered="5"/><counter type="COMPLEXITY" missed="0" covered="1"/><counter type="METHOD" missed="0" covered="1"/></method><method name="remove" desc="(Lcom/list/LinkedList$Entry;)Ljava/lang/Object;" line="738"><counter type="INSTRUCTION" missed="0" covered="38"/><counter type="BRANCH" missed="0" covered="2"/><counter type="LINE" missed="0" covered="9"/><counter type="COMPLEXITY" missed="0" covered="2"/><counter type="METHOD" missed="0" covered="1"/></method><method name="toArray" desc="()[Ljava/lang/Object;" line="767"><counter type="INSTRUCTION" missed="0" covered="26"/><counter type="BRANCH" missed="0" covered="2"/><counter type="LINE" missed="0" covered="5"/><counter type="COMPLEXITY" missed="0" covered="2"/><counter type="METHOD" missed="0" covered="1"/></method><method name="toArray" desc="([Ljava/lang/Object;)[Ljava/lang/Object;" line="818"><counter type="INSTRUCTION" missed="0" covered="47"/><counter type="BRANCH" missed="0" covered="6"/><counter type="LINE" missed="0" covered="10"/><counter type="COMPLEXITY" missed="0" covered="4"/><counter type="METHOD" missed="0" covered="1"/></method><counter type="INSTRUCTION" missed="0" covered="701"/><counter type="BRANCH" missed="0" covered="92"/><counter type="LINE" missed="0" covered="167"/><counter type="COMPLEXITY" missed="0" covered="87"/><counter type="METHOD" missed="0" covered="41"/><counter type="CLASS" missed="0" covered="1"/></class><class name="com/list/LinkedList$Entry" sourcefilename="LinkedList.java"><method name="&lt;init&gt;" desc="(Ljava/lang/Object;Lcom/list/LinkedList$Entry;Lcom/list/LinkedList$Entry;)V" line="722"><counter type="INSTRUCTION" missed="0" covered="12"/><counter type="LINE" missed="0" covered="5"/><counter type="COMPLEXITY" missed="0" covered="1"/><counter type="METHOD" missed="0" covered="1"/></method><counter type="INSTRUCTION" missed="0" covered="12"/><counter type="LINE" missed="0" covered="5"/><counter type="COMPLEXITY" missed="0" covered="1"/><counter type="METHOD" missed="0" covered="1"/><counter type="CLASS" missed="0" covered="1"/></class><class name="com/list/Main" sourcefilename="Main.java"><method name="&lt;init&gt;" desc="()V" line="3"><counter type="INSTRUCTION" missed="3" covered="0"/><counter type="LINE" missed="1" covered="0"/><counter type="COMPLEXITY" missed="1" covered="0"/><counter type="METHOD" missed="1" covered="0"/></method><method name="main" desc="([Ljava/lang/String;)V" line="5"><counter type="INSTRUCTION" missed="4" covered="0"/><counter type="LINE" missed="2" covered="0"/><counter type="COMPLEXITY" missed="1" covered="0"/><counter type="METHOD" missed="1" covered="0"/></method><counter type="INSTRUCTION" missed="7" covered="0"/><counter type="LINE" missed="3" covered="0"/><counter type="COMPLEXITY" missed="2" covered="0"/><counter type="METHOD" missed="2" covered="0"/><counter type="CLASS" missed="1" covered="0"/></class><sourcefile name="Main.java"><line nr="3" mi="3" ci="0" mb="0" cb="0"/><line nr="5" mi="3" ci="0" mb="0" cb="0"/><line nr="6" mi="1" ci="0" mb="0" cb="0"/><counter type="INSTRUCTION" missed="7" covered="0"/><counter type="LINE" missed="3" covered="0"/><counter type="COMPLEXITY" missed="2" covered="0"/><counter type="METHOD" missed="2" covered="0"/><counter type="CLASS" missed="1" covered="0"/></sourcefile><sourcefile name="LinkedList.java"><line nr="111" mi="0" ci="8" mb="0" cb="0"/><line nr="112" mi="0" ci="3" mb="0" cb="0"/><line nr="117" mi="0" ci="2" mb="0" cb="0"/><line nr="118" mi="0" ci="9" mb="0" cb="0"/><line nr="119" mi="0" ci="1" mb="0" cb="0"/><line nr="131" mi="0" ci="2" mb="0" cb="0"/><line nr="132" mi="0" ci="4" mb="0" cb="0"/><line nr="133" mi="0" ci="1" mb="0" cb="0"/><line nr="143" mi="0" ci="3" mb="0" cb="2"/><line nr="144" mi="0" ci="4" mb="0" cb="0"/><line nr="146" mi="0" ci="5" mb="0" cb="0"/><line nr="157" mi="0" ci="3" mb="0" cb="2"/><line nr="158" mi="0" ci="4" mb="0" cb="0"/><line nr="160" mi="0" ci="5" mb="0" cb="0"/><line nr="171" mi="0" ci="6" mb="0" cb="0"/><line nr="182" mi="0" ci="6" mb="0" cb="0"/><line nr="192" mi="0" ci="7" mb="0" cb="0"/><line nr="193" mi="0" ci="1" mb="0" cb="0"/><line nr="205" mi="0" ci="6" mb="0" cb="0"/><line nr="206" mi="0" ci="1" mb="0" cb="0"/><line nr="219" mi="0" ci="9" mb="0" cb="2"/><line nr="228" mi="0" ci="3" mb="0" cb="0"/><line nr="242" mi="0" ci="6" mb="0" cb="0"/><line nr="243" mi="0" ci="2" mb="0" cb="0"/><line nr="261" mi="0" ci="2" mb="0" cb="2"/><line nr="262" mi="0" ci="13" mb="0" cb="2"/><line nr="263" mi="0" ci="3" mb="0" cb="2"/><line nr="264" mi="0" ci="4" mb="0" cb="0"/><line nr="265" mi="0" ci="2" mb="0" cb="0"/><line nr="269" mi="0" ci="12" mb="0" cb="2"/><line nr="270" mi="0" ci="5" mb="0" cb="2"/><line nr="271" mi="0" ci="4" mb="0" cb="0"/><line nr="272" mi="0" ci="2" mb="0" cb="0"/><line nr="276" mi="0" ci="2" mb="0" cb="0"/><line nr="294" mi="0" ci="6" mb="0" cb="0"/><line nr="316" mi="0" ci="6" mb="0" cb="4"/><line nr="317" mi="0" ci="8" mb="0" cb="0"/><line nr="319" mi="0" ci="3" mb="0" cb="0"/><line nr="320" mi="0" ci="3" mb="0" cb="0"/><line nr="321" mi="0" ci="2" mb="0" cb="2"/><line nr="322" mi="0" ci="2" mb="0" cb="0"/><line nr="324" mi="0" ci="11" mb="0" cb="2"/><line nr="325" mi="0" ci="3" mb="0" cb="0"/><line nr="326" mi="0" ci="7" mb="0" cb="2"/><line nr="327" mi="0" ci="9" mb="0" cb="0"/><line nr="328" mi="0" ci="3" mb="0" cb="0"/><line nr="329" mi="0" ci="2" mb="0" cb="0"/><line nr="331" mi="0" ci="3" mb="0" cb="0"/><line nr="333" mi="0" ci="6" mb="0" cb="0"/><line nr="334" mi="0" ci="2" mb="0" cb="0"/><line nr="341" mi="0" ci="4" mb="0" cb="0"/><line nr="342" mi="0" ci="4" mb="0" cb="2"/><line nr="343" mi="0" ci="3" mb="0" cb="0"/><line nr="344" mi="0" ci="6" mb="0" cb="0"/><line nr="345" mi="0" ci="3" mb="0" cb="0"/><line nr="346" mi="0" ci="2" mb="0" cb="0"/><line nr="347" mi="0" ci="1" mb="0" cb="0"/><line nr="348" mi="0" ci="9" mb="0" cb="0"/><line nr="349" mi="0" ci="3" mb="0" cb="0"/><line nr="350" mi="0" ci="1" mb="0" cb="0"/><line nr="364" mi="0" ci="5" mb="0" cb="0"/><line nr="380" mi="0" ci="4" mb="0" cb="0"/><line nr="381" mi="0" ci="3" mb="0" cb="0"/><line nr="382" mi="0" ci="3" mb="0" cb="0"/><line nr="383" mi="0" ci="2" mb="0" cb="0"/><line nr="399" mi="0" ci="14" mb="0" cb="2"/><line nr="400" mi="0" ci="1" mb="0" cb="0"/><line nr="414" mi="0" ci="6" mb="0" cb="0"/><line nr="421" mi="0" ci="6" mb="0" cb="4"/><line nr="422" mi="0" ci="8" mb="0" cb="0"/><line nr="424" mi="0" ci="3" mb="0" cb="0"/><line nr="425" mi="0" ci="6" mb="0" cb="2"/><line nr="426" mi="0" ci="8" mb="0" cb="2"/><line nr="427" mi="0" ci="3" mb="0" cb="0"/><line nr="429" mi="0" ci="8" mb="0" cb="2"/><line nr="430" mi="0" ci="3" mb="0" cb="0"/><line nr="432" mi="0" ci="2" mb="0" cb="0"/><line nr="450" mi="0" ci="2" mb="0" cb="0"/><line nr="451" mi="0" ci="2" mb="0" cb="2"/><line nr="452" mi="0" ci="13" mb="0" cb="2"/><line nr="453" mi="0" ci="3" mb="0" cb="2"/><line nr="454" mi="0" ci="2" mb="0" cb="0"/><line nr="455" mi="0" ci="1" mb="0" cb="0"/><line nr="458" mi="0" ci="12" mb="0" cb="2"/><line nr="459" mi="0" ci="5" mb="0" cb="2"/><line nr="460" mi="0" ci="2" mb="0" cb="0"/><line nr="461" mi="0" ci="1" mb="0" cb="0"/><line nr="464" mi="0" ci="2" mb="0" cb="0"/><line nr="480" mi="0" ci="3" mb="0" cb="0"/><line nr="481" mi="0" ci="2" mb="0" cb="2"/><line nr="482" mi="0" ci="13" mb="0" cb="2"/><line nr="483" mi="0" ci="1" mb="0" cb="0"/><line nr="484" mi="0" ci="3" mb="0" cb="2"/><line nr="485" mi="0" ci="2" mb="0" cb="0"/><line nr="488" mi="0" ci="12" mb="0" cb="2"/><line nr="489" mi="0" ci="1" mb="0" cb="0"/><line nr="490" mi="0" ci="5" mb="0" cb="2"/><line nr="491" mi="0" ci="2" mb="0" cb="0"/><line nr="494" mi="0" ci="2" mb="0" cb="0"/><line nr="506" mi="0" ci="3" mb="0" cb="2"/><line nr="507" mi="0" ci="2" mb="0" cb="0"/><line nr="508" mi="0" ci="3" mb="0" cb="0"/><line nr="520" mi="0" ci="3" mb="0" cb="0"/><line nr="530" mi="0" ci="3" mb="0" cb="2"/><line nr="531" mi="0" ci="2" mb="0" cb="0"/><line nr="532" mi="0" ci="3" mb="0" cb="0"/><line nr="544" mi="0" ci="3" mb="0" cb="0"/><line nr="556" mi="0" ci="4" mb="0" cb="0"/><line nr="569" mi="0" ci="3" mb="0" cb="0"/><line nr="570" mi="0" ci="2" mb="0" cb="0"/><line nr="582" mi="0" ci="3" mb="0" cb="0"/><line nr="583" mi="0" ci="2" mb="0" cb="0"/><line nr="595" mi="0" ci="3" mb="0" cb="2"/><line nr="596" mi="0" ci="2" mb="0" cb="0"/><line nr="597" mi="0" ci="3" mb="0" cb="0"/><line nr="609" mi="0" ci="3" mb="0" cb="2"/><line nr="610" mi="0" ci="2" mb="0" cb="0"/><line nr="611" mi="0" ci="3" mb="0" cb="0"/><line nr="623" mi="0" ci="3" mb="0" cb="2"/><line nr="624" mi="0" ci="2" mb="0" cb="0"/><line nr="625" mi="0" ci="3" mb="0" cb="0"/><line nr="637" mi="0" ci="3" mb="0" cb="2"/><line nr="638" mi="0" ci="2" mb="0" cb="0"/><line nr="639" mi="0" ci="3" mb="0" cb="0"/><line nr="654" mi="0" ci="3" mb="0" cb="0"/><line nr="655" mi="0" ci="1" mb="0" cb="0"/><line nr="671" mi="0" ci="3" mb="0" cb="0"/><line nr="685" mi="0" ci="4" mb="0" cb="0"/><line nr="699" mi="0" ci="2" mb="0" cb="2"/><line nr="700" mi="0" ci="13" mb="0" cb="2"/><line nr="701" mi="0" ci="3" mb="0" cb="2"/><line nr="702" mi="0" ci="4" mb="0" cb="0"/><line nr="703" mi="0" ci="2" mb="0" cb="0"/><line nr="707" mi="0" ci="12" mb="0" cb="2"/><line nr="708" mi="0" ci="5" mb="0" cb="2"/><line nr="709" mi="0" ci="4" mb="0" cb="0"/><line nr="710" mi="0" ci="2" mb="0" cb="0"/><line nr="714" mi="0" ci="2" mb="0" cb="0"/><line nr="722" mi="0" ci="2" mb="0" cb="0"/><line nr="723" mi="0" ci="3" mb="0" cb="0"/><line nr="724" mi="0" ci="3" mb="0" cb="0"/><line nr="725" mi="0" ci="3" mb="0" cb="0"/><line nr="726" mi="0" ci="1" mb="0" cb="0"/><line nr="730" mi="0" ci="8" mb="0" cb="0"/><line nr="731" mi="0" ci="4" mb="0" cb="0"/><line nr="732" mi="0" ci="4" mb="0" cb="0"/><line nr="733" mi="0" ci="6" mb="0" cb="0"/><line nr="734" mi="0" ci="2" mb="0" cb="0"/><line nr="738" mi="0" ci="4" mb="0" cb="2"/><line nr="739" mi="0" ci="4" mb="0" cb="0"/><line nr="741" mi="0" ci="3" mb="0" cb="0"/><line nr="742" mi="0" ci="5" mb="0" cb="0"/><line nr="743" mi="0" ci="5" mb="0" cb="0"/><line nr="744" mi="0" ci="6" mb="0" cb="0"/><line nr="745" mi="0" ci="3" mb="0" cb="0"/><line nr="746" mi="0" ci="6" mb="0" cb="0"/><line nr="747" mi="0" ci="2" mb="0" cb="0"/><line nr="767" mi="0" ci="4" mb="0" cb="0"/><line nr="768" mi="0" ci="2" mb="0" cb="0"/><line nr="769" mi="0" ci="12" mb="0" cb="2"/><line nr="770" mi="0" ci="6" mb="0" cb="0"/><line nr="771" mi="0" ci="2" mb="0" cb="0"/><line nr="818" mi="0" ci="5" mb="0" cb="2"/><line nr="819" mi="0" ci="4" mb="0" cb="0"/><line nr="820" mi="0" ci="4" mb="0" cb="0"/><line nr="821" mi="0" ci="2" mb="0" cb="0"/><line nr="822" mi="0" ci="2" mb="0" cb="0"/><line nr="823" mi="0" ci="12" mb="0" cb="2"/><line nr="824" mi="0" ci="6" mb="0" cb="0"/><line nr="826" mi="0" ci="5" mb="0" cb="2"/><line nr="827" mi="0" ci="5" mb="0" cb="0"/><line nr="829" mi="0" ci="2" mb="0" cb="0"/><counter type="INSTRUCTION" missed="0" covered="713"/><counter type="BRANCH" missed="0" covered="92"/><counter type="LINE" missed="0" covered="172"/><counter type="COMPLEXITY" missed="0" covered="88"/><counter type="METHOD" missed="0" covered="42"/><counter type="CLASS" missed="0" covered="2"/></sourcefile><counter type="INSTRUCTION" missed="7" covered="713"/><counter type="BRANCH" missed="0" covered="92"/><counter type="LINE" missed="3" covered="172"/><counter type="COMPLEXITY" missed="2" covered="88"/><counter type="METHOD" missed="2" covered="42"/><counter type="CLASS" missed="1" covered="2"/></package><counter type="INSTRUCTION" missed="7" covered="713"/><counter type="BRANCH" missed="0" covered="92"/><counter type="LINE" missed="3" covered="172"/><counter type="COMPLEXITY" missed="2" covered="88"/><counter type="METHOD" missed="2" covered="42"/><counter type="CLASS" missed="1" covered="2"/></report>